<?xml version="1.0" encoding="UTF-8"?>
<!-- Generated by org.testng.reporters.JUnitReportReporter -->
<testsuite hostname="LAPTOP-2GHFTTS4" failures="0" tests="1" name="com.mindtree.testObject.WhatsNewTest" time="14.379" errors="0" timestamp="2021-11-22T14:18:24 IST" skipped="0">
  <testcase classname="com.mindtree.testObject.WhatsNewTest" name="Wbutton" time="14.379"/>
  <system-out/>
</testsuite> <!-- com.mindtree.testObject.WhatsNewTest -->
