<?xml version="1.0" encoding="UTF-8"?>
<!-- Generated by org.testng.reporters.JUnitReportReporter -->
<testsuite hostname="LAPTOP-2GHFTTS4" failures="0" tests="1" name="com.mindtree.testObject.ContactUsTest" time="6.236" errors="0" timestamp="2021-11-22T14:18:24 IST" skipped="0">
  <testcase classname="com.mindtree.testObject.ContactUsTest" name="contacttest" time="6.236"/>
  <system-out/>
</testsuite> <!-- com.mindtree.testObject.ContactUsTest -->
