<?xml version="1.0" encoding="UTF-8"?>
<!-- Generated by org.testng.reporters.JUnitReportReporter -->
<testsuite hostname="LAPTOP-2GHFTTS4" failures="0" tests="1" name="com.mindtree.testObject.CartTest" time="0.233" errors="0" timestamp="2021-11-20T11:39:07 IST" skipped="0">
  <testcase classname="com.mindtree.testObject.CartTest" name="cartest" time="0.233"/>
  <system-out/>
</testsuite> <!-- com.mindtree.testObject.CartTest -->
