<?xml version="1.0" encoding="UTF-8"?>
<!-- Generated by org.testng.reporters.JUnitReportReporter -->
<testsuite hostname="LAPTOP-2GHFTTS4" failures="0" tests="1" name="com.mindtree.testObject.CreateAccountTest" time="6.196" errors="0" timestamp="2021-11-22T14:18:24 IST" skipped="0">
  <testcase classname="com.mindtree.testObject.CreateAccountTest" name="accounttest" time="6.196"/>
  <system-out/>
</testsuite> <!-- com.mindtree.testObject.CreateAccountTest -->
