<?xml version="1.0" encoding="UTF-8"?>
<!-- Generated by org.testng.reporters.JUnitReportReporter -->
<testsuite hostname="LAPTOP-2GHFTTS4" failures="0" tests="1" name="com.mindtree.testObject.ExcelTest" time="37.718" errors="0" timestamp="2021-11-18T23:12:13 IST" skipped="0">
  <testcase classname="com.mindtree.testObject.ExcelTest" name="SignIn" time="37.718"/>
  <system-out/>
</testsuite> <!-- com.mindtree.testObject.ExcelTest -->
