<?xml version="1.0" encoding="UTF-8"?>
<!-- Generated by org.testng.reporters.JUnitReportReporter -->
<testsuite hostname="LAPTOP-2GHFTTS4" failures="0" tests="1" name="com.mindtree.testObject.MerchendiseTest" time="10.314" errors="0" timestamp="2021-11-20T11:57:01 IST" skipped="0">
  <testcase classname="com.mindtree.testObject.MerchendiseTest" name="merchendisetest" time="10.314"/>
  <system-out/>
</testsuite> <!-- com.mindtree.testObject.MerchendiseTest -->
